<?xml version="1.0" encoding="UTF-8"?><testrun name="TestRunner (1)" project="Cucumber" tests="1" started="1" failures="0" errors="1" ignored="0">
  <testsuite name="main.TestRunner" time="0.203">
    <testsuite name="Login into swiggy website" time="0.203">
      <testcase name="Positive scenario to test login functionality" classname="Login into swiggy website" time="0.203">
        <error>io.cucumber.junit.UndefinedStepException: The step "User has opened Swiggy website on Chrome Browser" is undefined. You can implement it using the snippet(s) below:

@Given("User has opened Swiggy website on Chrome Browser")
public void user_has_opened_Swiggy_website_on_Chrome_Browser() {
    // Write code here that turns the phrase above into concrete actions
    throw new io.cucumber.java.PendingException();
}
Given("User has opened Swiggy website on Chrome Browser", () -&gt; {
    // Write code here that turns the phrase above into concrete actions
    throw new io.cucumber.java8.PendingException();
});


Some other steps were also undefined:

@When("User enters correct {string} and {string} and {string} and {string}")
public void user_enters_correct_and_and_and(String string, String string2, String string3, String string4) {
    // Write code here that turns the phrase above into concrete actions
    throw new io.cucumber.java.PendingException();
}
When("User enters correct {string} and {string} and {string} and {string}", (String string, String string2, String string3, String string4) -&gt; {
    // Write code here that turns the phrase above into concrete actions
    throw new io.cucumber.java8.PendingException();
});


</error>
      </testcase>
    </testsuite>
  </testsuite>
</testrun>
