<?xml version="1.0" encoding="UTF-8"?>
<testng-results skipped="0" failed="0" ignored="0" total="1" passed="1">
  <reporter-output>
  </reporter-output>
  <suite name="Default suite" duration-ms="4734" started-at="2021-02-22T05:14:44 UTC" finished-at="2021-02-22T05:14:48 UTC">
    <groups>
    </groups>
    <test name="Default test" duration-ms="4734" started-at="2021-02-22T05:14:44 UTC" finished-at="2021-02-22T05:14:48 UTC">
      <class name="test.LoginTest">
        <test-method status="PASS" signature="setup()[pri:0, instance:test.LoginTest@32709393]" name="setup" is-config="true" duration-ms="1647" started-at="2021-02-22T05:14:44 UTC" finished-at="2021-02-22T05:14:45 UTC">
          <reporter-output>
          </reporter-output>
        </test-method> <!-- setup -->
        <test-method status="PASS" signature="testcase1()[pri:0, instance:test.LoginTest@32709393]" name="testcase1" duration-ms="3041" started-at="2021-02-22T05:14:45 UTC" finished-at="2021-02-22T05:14:48 UTC">
          <reporter-output>
          </reporter-output>
        </test-method> <!-- testcase1 -->
      </class> <!-- test.LoginTest -->
    </test> <!-- Default test -->
  </suite> <!-- Default suite -->
</testng-results>
